{"/Users/annasofronova/WebstormProjects/shoppingify-effector/src/main.tsx": {"path":"/Users/annasofronova/WebstormProjects/shoppingify-effector/src/main.tsx","statementMap":{"0":{"start":{"line":1,"column":0},"end":{"line":1,"column":35}},"1":{"start":{"line":2,"column":0},"end":{"line":2,"column":46}},"2":{"start":{"line":4,"column":0},"end":{"line":4,"column":67}},"3":{"start":{"line":6,"column":0},"end":{"line":6,"column":28}},"4":{"start":{"line":7,"column":0},"end":{"line":7,"column":38}},"5":{"start":{"line":9,"column":18},"end":{"line":9,"column":48}},"6":{"start":{"line":10,"column":13},"end":{"line":10,"column":49}},"7":{"start":{"line":12,"column":0},"end":{"line":19,"column":2}}},"fnMap":{},"branchMap":{},"s":{"0":0,"1":0,"2":0,"3":0,"4":0,"5":0,"6":0,"7":0},"f":{},"b":{}}
,"/Users/annasofronova/WebstormProjects/shoppingify-effector/src/app/app.tsx": {"path":"/Users/annasofronova/WebstormProjects/shoppingify-effector/src/app/app.tsx","statementMap":{"0":{"start":{"line":1,"column":0},"end":{"line":1,"column":39}},"1":{"start":{"line":2,"column":0},"end":{"line":2,"column":33}},"2":{"start":{"line":4,"column":0},"end":{"line":4,"column":72}},"3":{"start":{"line":6,"column":0},"end":{"line":6,"column":82}},"4":{"start":{"line":8,"column":0},"end":{"line":8,"column":41}},"5":{"start":{"line":10,"column":22},"end":{"line":10,"column":38}},"6":{"start":{"line":12,"column":12},"end":{"line":78,"column":1}},"7":{"start":{"line":13,"column":28},"end":{"line":13,"column":39}},"8":{"start":{"line":15,"column":2},"end":{"line":77,"column":4}},"9":{"start":{"line":41,"column":25},"end":{"line":41,"column":47}},"10":{"start":{"line":41,"column":41},"end":{"line":41,"column":46}},"11":{"start":{"line":80,"column":0},"end":{"line":80,"column":19}}},"fnMap":{"0":{"name":"(anonymous_1)","decl":{"start":{"line":12,"column":12},"end":{"line":12,"column":28}},"loc":{"start":{"line":12,"column":30},"end":{"line":78,"column":1}}},"1":{"name":"(anonymous_2)","decl":{"start":{"line":41,"column":19},"end":{"line":41,"column":22}},"loc":{"start":{"line":41,"column":25},"end":{"line":41,"column":47}}},"2":{"name":"(anonymous_3)","decl":{"start":{"line":41,"column":34},"end":{"line":41,"column":35}},"loc":{"start":{"line":41,"column":41},"end":{"line":41,"column":46}}}},"branchMap":{},"s":{"0":1,"1":1,"2":1,"3":1,"4":1,"5":1,"6":1,"7":2,"8":1,"9":0,"10":0,"11":1},"f":{"0":2,"1":0,"2":0},"b":{}}
,"/Users/annasofronova/WebstormProjects/shoppingify-effector/src/app/theme/theme.ts": {"path":"/Users/annasofronova/WebstormProjects/shoppingify-effector/src/app/theme/theme.ts","statementMap":{"0":{"start":{"line":1,"column":0},"end":{"line":1,"column":60}},"1":{"start":{"line":3,"column":28},"end":{"line":6,"column":2}},"2":{"start":{"line":8,"column":14},"end":{"line":8,"column":37}},"3":{"start":{"line":10,"column":0},"end":{"line":10,"column":21}}},"fnMap":{},"branchMap":{},"s":{"0":0,"1":0,"2":0,"3":0},"f":{},"b":{}}
,"/Users/annasofronova/WebstormProjects/shoppingify-effector/src/app/utils/general.ts": {"path":"/Users/annasofronova/WebstormProjects/shoppingify-effector/src/app/utils/general.ts","statementMap":{"0":{"start":{"line":3,"column":13},"end":{"line":5,"column":2}},"1":{"start":{"line":4,"column":43},"end":{"line":4,"column":68}},"2":{"start":{"line":7,"column":0},"end":{"line":7,"column":32}}},"fnMap":{"0":{"name":"(anonymous_0)","decl":{"start":{"line":4,"column":21},"end":{"line":4,"column":22}},"loc":{"start":{"line":4,"column":43},"end":{"line":4,"column":68}}}},"branchMap":{},"s":{"0":1,"1":9,"2":1},"f":{"0":9},"b":{}}
,"/Users/annasofronova/WebstormProjects/shoppingify-effector/src/shared/color-button/color-button.stories.tsx": {"path":"/Users/annasofronova/WebstormProjects/shoppingify-effector/src/shared/color-button/color-button.stories.tsx","statementMap":{"0":{"start":{"line":1,"column":0},"end":{"line":1,"column":45}},"1":{"start":{"line":3,"column":0},"end":{"line":3,"column":41}},"2":{"start":{"line":5,"column":0},"end":{"line":7,"column":51}},"3":{"start":{"line":6,"column":20},"end":{"line":6,"column":47}},"4":{"start":{"line":7,"column":21},"end":{"line":7,"column":49}}},"fnMap":{"0":{"name":"(anonymous_1)","decl":{"start":{"line":6,"column":14},"end":{"line":6,"column":17}},"loc":{"start":{"line":6,"column":20},"end":{"line":6,"column":47}}},"1":{"name":"(anonymous_2)","decl":{"start":{"line":7,"column":15},"end":{"line":7,"column":18}},"loc":{"start":{"line":7,"column":21},"end":{"line":7,"column":49}}}},"branchMap":{},"s":{"0":0,"1":0,"2":0,"3":0,"4":0},"f":{"0":0,"1":0},"b":{}}
,"/Users/annasofronova/WebstormProjects/shoppingify-effector/src/shared/color-button/color-button.tsx": {"path":"/Users/annasofronova/WebstormProjects/shoppingify-effector/src/shared/color-button/color-button.tsx","statementMap":{"0":{"start":{"line":6,"column":20},"end":{"line":13,"column":null}},"1":{"start":{"line":7,"column":2},"end":{"line":10,"column":null}},"2":{"start":{"line":9,"column":19},"end":{"line":9,"column":44}},"3":{"start":{"line":16,"column":0},"end":{"line":16,"column":27}}},"fnMap":{"0":{"name":"(anonymous_0)","decl":{"start":{"line":6,"column":20},"end":{"line":6,"column":21}},"loc":{"start":{"line":7,"column":2},"end":{"line":10,"column":null}}},"1":{"name":"(anonymous_1)","decl":{"start":{"line":9,"column":13},"end":{"line":9,"column":16}},"loc":{"start":{"line":9,"column":19},"end":{"line":9,"column":44}}}},"branchMap":{"0":{"loc":{"start":{"line":9,"column":19},"end":{"line":9,"column":26}},"type":"binary-expr","locations":[{"start":{"line":9,"column":19},"end":{"line":9,"column":26}},{"start":{"line":9,"column":30},"end":{"line":9,"column":44}}]}},"s":{"0":0,"1":0,"2":0,"3":0},"f":{"0":0,"1":0},"b":{"0":[0,0]}}
,"/Users/annasofronova/WebstormProjects/shoppingify-effector/src/shared/toggle-theme-button/index.ts": {"path":"/Users/annasofronova/WebstormProjects/shoppingify-effector/src/shared/toggle-theme-button/index.ts","statementMap":{"0":{"start":{"line":1,"column":0},"end":{"line":1,"column":38}}},"fnMap":{},"branchMap":{},"s":{"0":0},"f":{},"b":{}}
,"/Users/annasofronova/WebstormProjects/shoppingify-effector/src/shared/toggle-theme-button/theme-toggle-button.tsx": {"path":"/Users/annasofronova/WebstormProjects/shoppingify-effector/src/shared/toggle-theme-button/theme-toggle-button.tsx","statementMap":{"0":{"start":{"line":1,"column":0},"end":{"line":1,"column":53}},"1":{"start":{"line":2,"column":0},"end":{"line":2,"column":77}},"2":{"start":{"line":3,"column":0},"end":{"line":3,"column":37}},"3":{"start":{"line":5,"column":0},"end":{"line":5,"column":55}},"4":{"start":{"line":9,"column":17},"end":{"line":9,"column":19}},"5":{"start":{"line":11,"column":20},"end":{"line":18,"column":2}},"6":{"start":{"line":13,"column":27},"end":{"line":13,"column":69}},"7":{"start":{"line":20,"column":26},"end":{"line":33,"column":1}},"8":{"start":{"line":21,"column":41},"end":{"line":21,"column":55}},"9":{"start":{"line":23,"column":2},"end":{"line":32,"column":4}},"10":{"start":{"line":35,"column":0},"end":{"line":35,"column":33}}},"fnMap":{"0":{"name":"(anonymous_1)","decl":{"start":{"line":13,"column":6},"end":{"line":13,"column":7}},"loc":{"start":{"line":13,"column":27},"end":{"line":13,"column":69}}},"1":{"name":"(anonymous_2)","decl":{"start":{"line":20,"column":26},"end":{"line":20,"column":27}},"loc":{"start":{"line":20,"column":73},"end":{"line":33,"column":1}}}},"branchMap":{"0":{"loc":{"start":{"line":13,"column":52},"end":{"line":13,"column":59}},"type":"cond-expr","locations":[{"start":{"line":13,"column":52},"end":{"line":13,"column":59}},{"start":{"line":13,"column":62},"end":{"line":13,"column":69}}]},"1":{"loc":{"start":{"line":27,"column":36},"end":{"line":27,"column":48}},"type":"cond-expr","locations":[{"start":{"line":27,"column":36},"end":{"line":27,"column":48}},{"start":{"line":27,"column":51},"end":{"line":27,"column":62}}]},"2":{"loc":{"start":{"line":28,"column":54},"end":{"line":28,"column":60}},"type":"cond-expr","locations":[{"start":{"line":28,"column":54},"end":{"line":28,"column":60}},{"start":{"line":28,"column":63},"end":{"line":28,"column":70}}]}},"s":{"0":1,"1":1,"2":1,"3":1,"4":1,"5":1,"6":1,"7":1,"8":1,"9":1,"10":1},"f":{"0":1,"1":1},"b":{"0":[0,1],"1":[0,1],"2":[0,1]}}
}
